{"level":"info","message":"Express server listening on port 3001","timestamp":"2017-07-14T21:52:25.300Z"}
{"level":"info","message":"Express server listening on port 3001","timestamp":"2017-07-14T21:53:40.575Z"}
{"level":"info","message":"Express server listening on port 3001","timestamp":"2017-07-14T21:57:56.715Z"}
{"level":"info","message":"Error in process adding order data to DBError: ER_TRUNCATED_WRONG_VALUE_FOR_FIELD: Incorrect integer value: '' for column 'customer_main_phone' at row 1","timestamp":"2017-07-14T21:58:01.456Z"}
{"level":"info","message":"Express server listening on port 3001","timestamp":"2017-07-16T12:37:55.009Z"}
{"level":"info","message":"Express server listening on port 3001","timestamp":"2017-07-16T13:33:02.179Z"}
{"level":"info","message":"Express server listening on port 3001","timestamp":"2017-07-16T13:58:33.825Z"}
{"level":"info","message":"Error in process getting orders data TypeError: Cannot read property 'products' of undefined","timestamp":"2017-07-16T14:00:37.921Z"}
{"level":"info","message":"Error in process getting orders data TypeError: Cannot read property 'products' of undefined","timestamp":"2017-07-16T14:00:48.129Z"}
{"level":"info","message":"Express server listening on port 3001","timestamp":"2017-07-16T14:02:34.902Z"}
{"level":"info","message":"Error in process getting orders data ReferenceError: curOrder is not defined","timestamp":"2017-07-16T14:02:38.418Z"}
{"level":"info","message":"Express server listening on port 3001","timestamp":"2017-07-16T14:03:40.382Z"}
{"level":"info","message":"Error in process getting orders data TypeError: Cannot read property 'products' of undefined","timestamp":"2017-07-16T14:03:53.107Z"}
{"level":"info","message":"Express server listening on port 3001","timestamp":"2017-07-16T14:05:02.460Z"}
{"level":"info","message":"Express server listening on port 3001","timestamp":"2017-07-16T22:22:27.434Z"}
{"level":"info","message":"Express server listening on port 3001","timestamp":"2017-07-17T21:06:06.594Z"}
{"level":"info","message":"Express server listening on port 3001","timestamp":"2017-07-21T22:35:45.806Z"}
{"level":"info","message":"Express server listening on port 3001","timestamp":"2017-07-21T22:37:58.039Z"}
{"level":"info","message":"Express server listening on port 3001","timestamp":"2017-07-22T11:55:46.196Z"}
{"level":"info","message":"Express server listening on port 3001","timestamp":"2017-07-23T12:11:41.434Z"}
{"level":"info","message":"Express server listening on port 3001","timestamp":"2017-07-23T14:12:06.487Z"}
{"level":"info","message":"Express server listening on port 3001","timestamp":"2017-07-23T14:14:02.554Z"}
{"level":"info","message":"Error in process getting orders data Error: ER_NON_UNIQ_ERROR: Column 'id' in order clause is ambiguous","timestamp":"2017-07-23T14:14:09.974Z"}
{"level":"info","message":"Express server listening on port 3001","timestamp":"2017-07-23T14:17:11.127Z"}
{"level":"info","message":"Error in process getting orders data Error: ER_BAD_FIELD_ERROR: Unknown column 'order.id' in 'order clause'","timestamp":"2017-07-23T14:17:25.125Z"}
{"level":"info","message":"Express server listening on port 3001","timestamp":"2017-07-23T14:17:53.238Z"}
{"level":"info","message":"Express server listening on port 3001","timestamp":"2017-07-23T14:24:09.084Z"}
{"level":"info","message":"Express server listening on port 3001","timestamp":"2017-07-23T14:26:18.662Z"}
{"level":"info","message":"Express server listening on port 3001","timestamp":"2017-07-23T14:36:17.494Z"}
{"level":"info","message":"Error in process getting orders data Error: ER_NON_UNIQ_ERROR: Column 'id' in field list is ambiguous","timestamp":"2017-07-23T14:36:22.680Z"}
{"level":"info","message":"Express server listening on port 3001","timestamp":"2017-07-23T14:37:23.005Z"}
{"level":"info","message":"Error in process getting orders data Error: ER_NON_UNIQ_ERROR: Column 'id' in field list is ambiguous","timestamp":"2017-07-23T14:37:27.685Z"}
{"level":"info","message":"Express server listening on port 3001","timestamp":"2017-07-23T14:38:27.492Z"}
{"level":"info","message":"Express server listening on port 3001","timestamp":"2017-07-23T14:48:15.875Z"}
{"level":"info","message":"Error in process getting orders data Error: ER_PARSE_ERROR: You have an error in your SQL syntax; check the manual that corresponds to your MySQL server version for the right syntax to use near 'INNER JOIN order_detail ON orders.id = order_detail.detail_order_id INNER JOIN p' at line 1","timestamp":"2017-07-23T14:48:25.116Z"}
{"level":"info","message":"Express server listening on port 3001","timestamp":"2017-07-23T14:54:01.509Z"}
{"level":"info","message":"Error in process getting orders data Error: ER_PARSE_ERROR: You have an error in your SQL syntax; check the manual that corresponds to your MySQL server version for the right syntax to use near 'INNER JOIN order_detail ON orders.id = order_detail.detail_order_id INNER JOIN p' at line 1","timestamp":"2017-07-23T14:54:17.252Z"}
{"level":"info","message":"Express server listening on port 3001","timestamp":"2017-07-23T14:55:08.587Z"}
{"level":"info","message":"Error in process getting orders data Error: ER_PARSE_ERROR: You have an error in your SQL syntax; check the manual that corresponds to your MySQL server version for the right syntax to use near 'INNER JOIN order_detail ON id = order_detail.detail_order_id INNER JOIN products' at line 1","timestamp":"2017-07-23T14:55:13.260Z"}
{"level":"info","message":"Express server listening on port 3001","timestamp":"2017-07-23T14:57:15.878Z"}
{"level":"info","message":"Error in process getting orders data Error: ER_PARSE_ERROR: You have an error in your SQL syntax; check the manual that corresponds to your MySQL server version for the right syntax to use near 'INNER JOIN order_detail ON orders.id = order_detail.detail_order_id INNER JOIN p' at line 1","timestamp":"2017-07-23T14:57:20.138Z"}
{"level":"info","message":"Express server listening on port 3001","timestamp":"2017-07-23T15:02:24.086Z"}
{"level":"info","message":"Express server listening on port 3001","timestamp":"2017-07-23T15:06:01.544Z"}
{"level":"info","message":"Express server listening on port 3001","timestamp":"2017-07-23T15:07:30.338Z"}
{"level":"info","message":"Express server listening on port 3001","timestamp":"2017-07-23T15:08:14.931Z"}
{"level":"info","message":"Express server listening on port 3001","timestamp":"2017-07-23T15:09:10.234Z"}
{"level":"info","message":"Express server listening on port 3001","timestamp":"2017-07-24T13:41:12.423Z"}
{"level":"info","message":"Express server listening on port 3001","timestamp":"2017-07-24T13:42:34.778Z"}
{"level":"info","message":"Express server listening on port 3001","timestamp":"2017-07-24T13:45:51.097Z"}
{"level":"info","message":"Express server listening on port 3001","timestamp":"2017-07-24T13:56:19.913Z"}
{"level":"info","message":"Express server listening on port 3001","timestamp":"2017-07-24T13:59:42.335Z"}
{"level":"info","message":"Express server listening on port 3001","timestamp":"2017-07-24T14:25:45.662Z"}
{"level":"info","message":"Express server listening on port 3001","timestamp":"2017-07-24T14:26:31.298Z"}
{"level":"info","message":"Express server listening on port 3001","timestamp":"2017-07-24T14:27:18.327Z"}
{"level":"info","message":"Express server listening on port 3001","timestamp":"2017-07-24T14:28:48.823Z"}
{"level":"info","message":"Express server listening on port 3001","timestamp":"2017-07-24T14:30:43.020Z"}
{"level":"info","message":"Express server listening on port 3001","timestamp":"2017-07-24T14:31:49.596Z"}
{"level":"info","message":"Express server listening on port 3001","timestamp":"2017-07-24T14:50:37.321Z"}
{"level":"info","message":"Express server listening on port 3001","timestamp":"2017-07-24T14:59:17.305Z"}
{"level":"info","message":"Express server listening on port 3001","timestamp":"2017-07-24T15:00:13.220Z"}
{"level":"info","message":"Express server listening on port 3001","timestamp":"2017-07-24T15:02:50.076Z"}
{"level":"info","message":"Express server listening on port 3001","timestamp":"2017-07-24T15:03:29.578Z"}
{"level":"info","message":"Express server listening on port 3001","timestamp":"2017-07-24T15:04:30.781Z"}
{"level":"info","message":"Express server listening on port 3001","timestamp":"2017-07-24T15:05:57.586Z"}
{"level":"info","message":"Express server listening on port 3001","timestamp":"2017-07-24T15:08:14.712Z"}
{"level":"info","message":"Express server listening on port 3001","timestamp":"2017-07-24T15:09:35.052Z"}
{"level":"info","message":"Express server listening on port 3001","timestamp":"2017-07-24T15:10:16.627Z"}
{"level":"info","message":"Express server listening on port 3001","timestamp":"2017-07-24T15:10:27.514Z"}
{"level":"info","message":"Express server listening on port 3001","timestamp":"2017-07-24T15:11:21.119Z"}
{"level":"info","message":"Express server listening on port 3001","timestamp":"2017-07-24T15:13:10.633Z"}
{"level":"info","message":"Express server listening on port 3001","timestamp":"2017-07-24T15:16:01.193Z"}
{"level":"info","message":"Express server listening on port 3001","timestamp":"2017-07-24T15:17:24.701Z"}
{"level":"info","message":"Express server listening on port 3001","timestamp":"2017-07-24T15:18:18.617Z"}
{"level":"info","message":"Express server listening on port 3001","timestamp":"2017-07-24T15:19:31.444Z"}
{"level":"info","message":"Express server listening on port 3001","timestamp":"2017-07-24T15:30:29.122Z"}
{"level":"info","message":"Express server listening on port 3001","timestamp":"2017-07-25T11:12:30.242Z"}
{"level":"info","message":"Express server listening on port 3001","timestamp":"2017-07-25T11:26:47.834Z"}
{"level":"info","message":"Express server listening on port 3001","timestamp":"2017-07-25T11:30:21.987Z"}
{"level":"info","message":"Express server listening on port 3001","timestamp":"2017-07-25T11:31:14.584Z"}
{"level":"info","message":"Express server listening on port 3001","timestamp":"2017-07-25T11:37:59.746Z"}
{"level":"info","message":"Express server listening on port 3001","timestamp":"2017-07-25T12:30:13.014Z"}
{"level":"info","message":"Express server listening on port 3001","timestamp":"2017-07-25T12:31:53.737Z"}
{"level":"info","message":"Express server listening on port 3001","timestamp":"2017-07-25T12:46:26.103Z"}
{"level":"info","message":"Express server listening on port 3001","timestamp":"2017-07-25T12:46:53.820Z"}
{"level":"info","message":"Express server listening on port 3001","timestamp":"2017-07-25T12:50:46.805Z"}
{"level":"info","message":"Error in process updating order statusError: ER_BAD_FIELD_ERROR: Unknown column 'undefined' in 'where clause'","timestamp":"2017-07-25T12:53:01.705Z"}
{"level":"info","message":"Express server listening on port 3001","timestamp":"2017-07-25T12:53:31.395Z"}
{"level":"info","message":"Express server listening on port 3001","timestamp":"2017-07-25T12:55:59.614Z"}
{"level":"info","message":"Express server listening on port 3001","timestamp":"2017-07-25T12:58:25.105Z"}
{"level":"info","message":"Express server listening on port 3001","timestamp":"2017-07-25T13:02:33.049Z"}
{"level":"info","message":"Express server listening on port 3001","timestamp":"2017-07-25T13:22:44.295Z"}
{"level":"info","message":"Express server listening on port 3001","timestamp":"2017-07-25T13:23:39.824Z"}
{"level":"info","message":"Express server listening on port 3001","timestamp":"2017-07-25T13:26:51.791Z"}
{"level":"info","message":"Express server listening on port 3001","timestamp":"2017-07-26T10:05:04.264Z"}
{"level":"info","message":"Error in process adding order data to DBError: ER_BAD_NULL_ERROR: Column 'customer_main_phone' cannot be null","timestamp":"2017-07-26T10:16:47.105Z"}
{"level":"info","message":"Error in process adding order data to DBError: ER_BAD_NULL_ERROR: Column 'customer_main_phone' cannot be null","timestamp":"2017-07-26T10:16:47.250Z"}
{"level":"info","message":"Express server listening on port 3001","timestamp":"2017-07-26T10:45:44.921Z"}
{"level":"info","message":"Error in process editing customer dataError: ER_PARSE_ERROR: You have an error in your SQL syntax; check the manual that corresponds to your MySQL server version for the right syntax to use near '[object Object] WHERE id=1' at line 1","timestamp":"2017-07-26T10:46:12.922Z"}
{"level":"info","message":"Error in process editing customer dataError: ER_BAD_FIELD_ERROR: Unknown column 'customer_surname' in 'field list'","timestamp":"2017-07-26T11:11:44.963Z"}
{"level":"info","message":"Express server listening on port 3001","timestamp":"2017-07-26T11:12:34.850Z"}
{"level":"info","message":"Express server listening on port 3001","timestamp":"2017-07-26T11:14:06.793Z"}
{"level":"info","message":"Express server listening on port 3001","timestamp":"2017-07-26T12:49:31.571Z"}
{"level":"info","message":"Express server listening on port 3001","timestamp":"2017-07-26T12:51:03.680Z"}
{"level":"info","message":"Express server listening on port 3001","timestamp":"2017-07-26T12:51:08.270Z"}
{"level":"info","message":"Express server listening on port 3001","timestamp":"2017-07-26T14:46:49.408Z"}
{"level":"info","message":"Express server listening on port 3001","timestamp":"2017-07-26T14:47:45.777Z"}
{"level":"info","message":"Express server listening on port 3001","timestamp":"2017-07-26T14:50:11.313Z"}
{"level":"info","message":"Express server listening on port 3001","timestamp":"2017-07-26T15:06:11.962Z"}
{"level":"info","message":"some errors in process updating product ReferenceError: path is not defined","timestamp":"2017-07-26T15:06:12.149Z"}
{"level":"info","message":"Express server listening on port 3001","timestamp":"2017-07-26T15:06:47.173Z"}
{"level":"info","message":"Express server listening on port 3001","timestamp":"2017-07-26T15:14:56.583Z"}
{"level":"info","message":"some errors in process updating product Error: ENOENT: no such file or directory, open 'D:\\Eugene\\project\\publick\\static\\catalog\\0\\001k.png'","timestamp":"2017-07-26T15:16:25.208Z"}
{"level":"info","message":"Express server listening on port 3001","timestamp":"2017-07-26T15:24:23.463Z"}
{"level":"info","message":"Express server listening on port 3001","timestamp":"2017-07-26T15:45:23.179Z"}
